Oct 19, 2012 3:58:58 PM org.apache.catalina.core.AprLifecycleListener init
INFO: The Apache Tomcat Native library which allows optimal performance in production environments was not found on the java.library.path: C:\java\jdk\jdk1.7.0_07\bin;C:\Windows\Sun\Java\bin;C:\Windows\system32;C:\Windows;C:\Program Files (x86)\NVIDIA Corporation\PhysX\Common;C:\Program Files\Common Files\Microsoft Shared\Windows Live;C:\Program Files (x86)\Common Files\Microsoft Shared\Windows Live;C:\Windows\system32;C:\Windows;C:\Windows\System32\Wbem;C:\Windows\System32\WindowsPowerShell\v1.0\;C:\Program Files\Broadcom\Broadcom 802.11\Driver;C:\Program Files (x86)\Windows Live\Shared;C:\Program Files (x86)\QuickTime\QTSystem\;.
Oct 19, 2012 3:58:58 PM org.apache.coyote.http11.Http11Protocol init
INFO: Initializing Coyote HTTP/1.1 on http-8400
Oct 19, 2012 3:58:58 PM org.apache.catalina.startup.Catalina load
INFO: Initialization processed in 545 ms
Oct 19, 2012 3:58:58 PM org.apache.catalina.core.StandardService start
INFO: Starting service Catalina
Oct 19, 2012 3:58:58 PM org.apache.catalina.core.StandardEngine start
INFO: Starting Servlet Engine: Apache Tomcat/6.0.14
Oct 19, 2012 3:59:04 PM org.apache.coyote.http11.Http11Protocol start
INFO: Starting Coyote HTTP/1.1 on http-8400
Oct 19, 2012 3:59:04 PM org.apache.jk.common.ChannelSocket init
INFO: JK: ajp13 listening on /0.0.0.0:8009
Oct 19, 2012 3:59:04 PM org.apache.jk.server.JkMain start
INFO: Jk running ID=0 time=0/36  config=null
Oct 19, 2012 3:59:04 PM org.apache.catalina.startup.Catalina start
INFO: Server startup in 5937 ms
Oct 19, 2012 5:15:43 PM org.apache.catalina.startup.HostConfig checkResources
INFO: Undeploying context [/New folder]
Oct 19, 2012 5:16:23 PM org.apache.catalina.startup.HostConfig checkResources
INFO: Reloading context [/GerenciaUsuario]
Oct 19, 2012 5:21:24 PM org.apache.coyote.http11.Http11Protocol pause
INFO: Pausing Coyote HTTP/1.1 on http-8400
Oct 19, 2012 5:21:25 PM org.apache.catalina.core.StandardService stop
INFO: Stopping service Catalina
Oct 19, 2012 5:21:25 PM org.apache.coyote.http11.Http11Protocol destroy
INFO: Stopping Coyote HTTP/1.1 on http-8400
Oct 19, 2012 5:21:33 PM org.apache.catalina.core.AprLifecycleListener init
INFO: The Apache Tomcat Native library which allows optimal performance in production environments was not found on the java.library.path: C:\java\jdk\jdk1.7.0_07\bin;C:\Windows\Sun\Java\bin;C:\Windows\system32;C:\Windows;C:\Program Files (x86)\NVIDIA Corporation\PhysX\Common;C:\Program Files\Common Files\Microsoft Shared\Windows Live;C:\Program Files (x86)\Common Files\Microsoft Shared\Windows Live;C:\Windows\system32;C:\Windows;C:\Windows\System32\Wbem;C:\Windows\System32\WindowsPowerShell\v1.0\;C:\Program Files\Broadcom\Broadcom 802.11\Driver;C:\Program Files (x86)\Windows Live\Shared;C:\Program Files (x86)\QuickTime\QTSystem\;.
Oct 19, 2012 5:21:33 PM org.apache.coyote.http11.Http11Protocol init
INFO: Initializing Coyote HTTP/1.1 on http-8400
Oct 19, 2012 5:21:33 PM org.apache.catalina.startup.Catalina load
INFO: Initialization processed in 621 ms
Oct 19, 2012 5:21:33 PM org.apache.catalina.core.StandardService start
INFO: Starting service Catalina
Oct 19, 2012 5:21:33 PM org.apache.catalina.core.StandardEngine start
INFO: Starting Servlet Engine: Apache Tomcat/6.0.14
Oct 19, 2012 5:21:39 PM org.apache.coyote.http11.Http11Protocol start
INFO: Starting Coyote HTTP/1.1 on http-8400
Oct 19, 2012 5:21:39 PM org.apache.jk.common.ChannelSocket init
INFO: JK: ajp13 listening on /0.0.0.0:8009
Oct 19, 2012 5:21:39 PM org.apache.jk.server.JkMain start
INFO: Jk running ID=0 time=0/27  config=null
Oct 19, 2012 5:21:39 PM org.apache.catalina.startup.Catalina start
INFO: Server startup in 6003 ms
Oct 19, 2012 11:38:06 PM org.apache.coyote.http11.Http11Protocol pause
INFO: Pausing Coyote HTTP/1.1 on http-8400
Oct 19, 2012 11:38:09 PM org.apache.catalina.core.StandardService stop
INFO: Stopping service Catalina
Oct 19, 2012 11:38:33 PM org.apache.coyote.http11.Http11Protocol destroy
INFO: Stopping Coyote HTTP/1.1 on http-8400
