Nov 05, 2012 11:27:27 AM org.apache.catalina.core.AprLifecycleListener init
INFO: The Apache Tomcat Native library which allows optimal performance in production environments was not found on the java.library.path: C:\java\jdk\jdk1.7.0_07\bin;C:\Windows\Sun\Java\bin;C:\Windows\system32;C:\Windows;C:\Program Files (x86)\NVIDIA Corporation\PhysX\Common;C:\Program Files\Common Files\Microsoft Shared\Windows Live;C:\Program Files (x86)\Common Files\Microsoft Shared\Windows Live;C:\Windows\system32;C:\Windows;C:\Windows\System32\Wbem;C:\Windows\System32\WindowsPowerShell\v1.0\;C:\Program Files\Broadcom\Broadcom 802.11\Driver;C:\Program Files (x86)\QuickTime\QTSystem\;C:\Program Files (x86)\Windows Live\Shared;.
Nov 05, 2012 11:27:28 AM org.apache.coyote.http11.Http11Protocol init
INFO: Initializing Coyote HTTP/1.1 on http-8400
Nov 05, 2012 11:27:28 AM org.apache.catalina.startup.Catalina load
INFO: Initialization processed in 1637 ms
Nov 05, 2012 11:27:28 AM org.apache.catalina.core.StandardService start
INFO: Starting service Catalina
Nov 05, 2012 11:27:28 AM org.apache.catalina.core.StandardEngine start
INFO: Starting Servlet Engine: Apache Tomcat/6.0.14
Nov 05, 2012 11:27:37 AM org.apache.coyote.http11.Http11Protocol start
INFO: Starting Coyote HTTP/1.1 on http-8400
Nov 05, 2012 11:27:38 AM org.apache.jk.common.ChannelSocket init
INFO: JK: ajp13 listening on /0.0.0.0:8009
Nov 05, 2012 11:27:38 AM org.apache.jk.server.JkMain start
INFO: Jk running ID=0 time=0/61  config=null
Nov 05, 2012 11:27:38 AM org.apache.catalina.startup.Catalina start
INFO: Server startup in 9598 ms
Nov 05, 2012 12:59:07 PM org.apache.coyote.http11.Http11Protocol pause
INFO: Pausing Coyote HTTP/1.1 on http-8400
Nov 05, 2012 12:59:08 PM org.apache.catalina.core.StandardService stop
INFO: Stopping service Catalina
Nov 05, 2012 12:59:09 PM org.apache.coyote.http11.Http11Protocol destroy
INFO: Stopping Coyote HTTP/1.1 on http-8400
Nov 05, 2012 12:59:13 PM org.apache.catalina.core.AprLifecycleListener init
INFO: The Apache Tomcat Native library which allows optimal performance in production environments was not found on the java.library.path: C:\java\jdk\jdk1.7.0_07\bin;C:\Windows\Sun\Java\bin;C:\Windows\system32;C:\Windows;C:\Program Files (x86)\NVIDIA Corporation\PhysX\Common;C:\Program Files\Common Files\Microsoft Shared\Windows Live;C:\Program Files (x86)\Common Files\Microsoft Shared\Windows Live;C:\Windows\system32;C:\Windows;C:\Windows\System32\Wbem;C:\Windows\System32\WindowsPowerShell\v1.0\;C:\Program Files\Broadcom\Broadcom 802.11\Driver;C:\Program Files (x86)\QuickTime\QTSystem\;C:\Program Files (x86)\Windows Live\Shared;.
Nov 05, 2012 12:59:13 PM org.apache.coyote.http11.Http11Protocol init
INFO: Initializing Coyote HTTP/1.1 on http-8400
Nov 05, 2012 12:59:13 PM org.apache.catalina.startup.Catalina load
INFO: Initialization processed in 545 ms
Nov 05, 2012 12:59:13 PM org.apache.catalina.core.StandardService start
INFO: Starting service Catalina
Nov 05, 2012 12:59:13 PM org.apache.catalina.core.StandardEngine start
INFO: Starting Servlet Engine: Apache Tomcat/6.0.14
Nov 05, 2012 12:59:19 PM org.apache.coyote.http11.Http11Protocol start
INFO: Starting Coyote HTTP/1.1 on http-8400
Nov 05, 2012 12:59:19 PM org.apache.jk.common.ChannelSocket init
INFO: JK: ajp13 listening on /0.0.0.0:8009
Nov 05, 2012 12:59:19 PM org.apache.jk.server.JkMain start
INFO: Jk running ID=0 time=0/26  config=null
Nov 05, 2012 12:59:19 PM org.apache.catalina.startup.Catalina start
INFO: Server startup in 6528 ms
Nov 05, 2012 2:23:13 PM org.apache.coyote.http11.Http11Protocol pause
INFO: Pausing Coyote HTTP/1.1 on http-8400
Nov 05, 2012 2:23:14 PM org.apache.catalina.core.StandardService stop
INFO: Stopping service Catalina
Nov 05, 2012 2:23:14 PM org.apache.catalina.core.StandardWrapper unload
INFO: Waiting for 1 instance(s) to be deallocated
Nov 05, 2012 2:23:15 PM org.apache.catalina.core.StandardWrapper unload
INFO: Waiting for 1 instance(s) to be deallocated
Nov 05, 2012 2:23:16 PM org.apache.catalina.core.StandardWrapper unload
INFO: Waiting for 1 instance(s) to be deallocated
Nov 05, 2012 2:23:17 PM org.apache.coyote.http11.Http11Protocol destroy
INFO: Stopping Coyote HTTP/1.1 on http-8400
Nov 05, 2012 2:23:20 PM org.apache.catalina.core.AprLifecycleListener init
INFO: The Apache Tomcat Native library which allows optimal performance in production environments was not found on the java.library.path: C:\java\jdk\jdk1.7.0_07\bin;C:\Windows\Sun\Java\bin;C:\Windows\system32;C:\Windows;C:\Program Files (x86)\NVIDIA Corporation\PhysX\Common;C:\Program Files\Common Files\Microsoft Shared\Windows Live;C:\Program Files (x86)\Common Files\Microsoft Shared\Windows Live;C:\Windows\system32;C:\Windows;C:\Windows\System32\Wbem;C:\Windows\System32\WindowsPowerShell\v1.0\;C:\Program Files\Broadcom\Broadcom 802.11\Driver;C:\Program Files (x86)\QuickTime\QTSystem\;C:\Program Files (x86)\Windows Live\Shared;.
Nov 05, 2012 2:23:20 PM org.apache.coyote.http11.Http11Protocol init
INFO: Initializing Coyote HTTP/1.1 on http-8400
Nov 05, 2012 2:23:20 PM org.apache.catalina.startup.Catalina load
INFO: Initialization processed in 546 ms
Nov 05, 2012 2:23:20 PM org.apache.catalina.core.StandardService start
INFO: Starting service Catalina
Nov 05, 2012 2:23:20 PM org.apache.catalina.core.StandardEngine start
INFO: Starting Servlet Engine: Apache Tomcat/6.0.14
Nov 05, 2012 2:23:26 PM org.apache.coyote.http11.Http11Protocol start
INFO: Starting Coyote HTTP/1.1 on http-8400
Nov 05, 2012 2:23:27 PM org.apache.jk.common.ChannelSocket init
INFO: JK: ajp13 listening on /0.0.0.0:8009
Nov 05, 2012 2:23:27 PM org.apache.jk.server.JkMain start
INFO: Jk running ID=0 time=0/24  config=null
Nov 05, 2012 2:23:27 PM org.apache.catalina.startup.Catalina start
INFO: Server startup in 6107 ms
Nov 05, 2012 2:24:57 PM org.hibernate.annotations.common.Version <clinit>
INFO: HCANN000001: Hibernate Commons Annotations {4.0.1.Final}
Nov 05, 2012 2:24:57 PM org.hibernate.Version logVersion
INFO: HHH000412: Hibernate Core {4.1.7.Final}
Nov 05, 2012 2:24:57 PM org.hibernate.cfg.Environment <clinit>
INFO: HHH000206: hibernate.properties not found
Nov 05, 2012 2:24:57 PM org.hibernate.cfg.Environment buildBytecodeProvider
INFO: HHH000021: Bytecode provider name : javassist
Nov 05, 2012 2:24:57 PM org.hibernate.cfg.Configuration configure
INFO: HHH000043: Configuring from resource: /hibernate.cfg.xml
Nov 05, 2012 2:24:57 PM org.hibernate.cfg.Configuration getConfigurationInputStream
INFO: HHH000040: Configuration resource: /hibernate.cfg.xml
Nov 05, 2012 2:24:57 PM org.hibernate.cfg.Configuration doConfigure
INFO: HHH000041: Configured SessionFactory: null
Nov 05, 2012 2:24:58 PM org.hibernate.service.jdbc.connections.internal.DriverManagerConnectionProviderImpl configure
INFO: HHH000402: Using Hibernate built-in connection pool (not for production use!)
Nov 05, 2012 2:24:58 PM org.hibernate.service.jdbc.connections.internal.DriverManagerConnectionProviderImpl configure
INFO: HHH000115: Hibernate connection pool size: 10
Nov 05, 2012 2:24:58 PM org.hibernate.service.jdbc.connections.internal.DriverManagerConnectionProviderImpl configure
INFO: HHH000006: Autocommit mode: false
Nov 05, 2012 2:24:58 PM org.hibernate.service.jdbc.connections.internal.DriverManagerConnectionProviderImpl configure
INFO: HHH000401: using driver [com.mysql.jdbc.Driver] at URL [jdbc:mysql://localhost:3306/sports2]
Nov 05, 2012 2:24:58 PM org.hibernate.service.jdbc.connections.internal.DriverManagerConnectionProviderImpl configure
INFO: HHH000046: Connection properties: {user=root, password=****}
Nov 05, 2012 2:24:58 PM org.hibernate.dialect.Dialect <init>
INFO: HHH000400: Using dialect: org.hibernate.dialect.MySQLDialect
Nov 05, 2012 2:24:58 PM org.hibernate.engine.transaction.internal.TransactionFactoryInitiator initiateService
INFO: HHH000399: Using default transaction strategy (direct JDBC transactions)
Nov 05, 2012 2:24:58 PM org.hibernate.hql.internal.ast.ASTQueryTranslatorFactory <init>
INFO: HHH000397: Using ASTQueryTranslatorFactory
Nov 05, 2012 2:24:59 PM org.hibernate.tool.hbm2ddl.SchemaUpdate execute
INFO: HHH000228: Running hbm2ddl schema update
Nov 05, 2012 2:24:59 PM org.hibernate.tool.hbm2ddl.SchemaUpdate execute
INFO: HHH000102: Fetching database metadata
Nov 05, 2012 2:24:59 PM org.hibernate.tool.hbm2ddl.SchemaUpdate execute
INFO: HHH000396: Updating schema
Nov 05, 2012 2:24:59 PM org.hibernate.tool.hbm2ddl.TableMetadata <init>
INFO: HHH000261: Table found: sports2.eventmatch
Nov 05, 2012 2:24:59 PM org.hibernate.tool.hbm2ddl.TableMetadata <init>
INFO: HHH000037: Columns: [id, eventid, team1, team2]
Nov 05, 2012 2:24:59 PM org.hibernate.tool.hbm2ddl.TableMetadata <init>
INFO: HHH000108: Foreign keys: [fkb077e36b2e9fa03a, fkb077e36b5d46de03, fkb077e36b5d46de04]
Nov 05, 2012 2:24:59 PM org.hibernate.tool.hbm2ddl.TableMetadata <init>
INFO: HHH000126: Indexes: [fkb077e36b2e9fa03a, primary, fkb077e36b5d46de03, fkb077e36b5d46de04]
Nov 05, 2012 2:24:59 PM org.hibernate.tool.hbm2ddl.TableMetadata <init>
INFO: HHH000261: Table found: sports2.eventteam
Nov 05, 2012 2:24:59 PM org.hibernate.tool.hbm2ddl.TableMetadata <init>
INFO: HHH000037: Columns: [id, teamid, lost, pool, won, eventid, pos]
Nov 05, 2012 2:24:59 PM org.hibernate.tool.hbm2ddl.TableMetadata <init>
INFO: HHH000108: Foreign keys: [fk79516bf7226400c7, fk79516bf72e9fa03a]
Nov 05, 2012 2:24:59 PM org.hibernate.tool.hbm2ddl.TableMetadata <init>
INFO: HHH000126: Indexes: [fk79516bf7226400c7, primary, fk79516bf72e9fa03a]
Nov 05, 2012 2:24:59 PM org.hibernate.tool.hbm2ddl.TableMetadata <init>
INFO: HHH000261: Table found: sports2.invitation
Nov 05, 2012 2:24:59 PM org.hibernate.tool.hbm2ddl.TableMetadata <init>
INFO: HHH000037: Columns: [response, id, fromplayerid, teamid, status, toplayerid, eventid, frommessage]
Nov 05, 2012 2:24:59 PM org.hibernate.tool.hbm2ddl.TableMetadata <init>
INFO: HHH000108: Foreign keys: [fkbe1153b951ffa9f9, fkbe1153b92e9fa03a, fkbe1153b9e1583fca, fkbe1153b9226400c7]
Nov 05, 2012 2:24:59 PM org.hibernate.tool.hbm2ddl.TableMetadata <init>
INFO: HHH000126: Indexes: [fkbe1153b951ffa9f9, fkbe1153b92e9fa03a, fkbe1153b9e1583fca, primary, fkbe1153b9226400c7]
Nov 05, 2012 2:24:59 PM org.hibernate.tool.hbm2ddl.TableMetadata <init>
INFO: HHH000261: Table found: sports2.league
Nov 05, 2012 2:24:59 PM org.hibernate.tool.hbm2ddl.TableMetadata <init>
INFO: HHH000037: Columns: [id, orgid, hasseasonteams, name, volleytypeid]
Nov 05, 2012 2:24:59 PM org.hibernate.tool.hbm2ddl.TableMetadata <init>
INFO: HHH000108: Foreign keys: [fk876d3e4f41c0c064, fk876d3e4fddf0227b]
Nov 05, 2012 2:24:59 PM org.hibernate.tool.hbm2ddl.TableMetadata <init>
INFO: HHH000126: Indexes: [primary, fk876d3e4f41c0c064, fk876d3e4fddf0227b]
Nov 05, 2012 2:24:59 PM org.hibernate.tool.hbm2ddl.TableMetadata <init>
INFO: HHH000261: Table found: sports2.leagueadmin
Nov 05, 2012 2:24:59 PM org.hibernate.tool.hbm2ddl.TableMetadata <init>
INFO: HHH000037: Columns: [id, role, playerid, leagueid]
Nov 05, 2012 2:24:59 PM org.hibernate.tool.hbm2ddl.TableMetadata <init>
INFO: HHH000108: Foreign keys: [fk6bbb6e40cc67af6b, fk6bbb6e40e664dc4f]
Nov 05, 2012 2:24:59 PM org.hibernate.tool.hbm2ddl.TableMetadata <init>
INFO: HHH000126: Indexes: [fk6bbb6e40cc67af6b, fk6bbb6e40e664dc4f, primary]
Nov 05, 2012 2:24:59 PM org.hibernate.tool.hbm2ddl.TableMetadata <init>
INFO: HHH000261: Table found: sports2.leagueseason
Nov 05, 2012 2:24:59 PM org.hibernate.tool.hbm2ddl.TableMetadata <init>
INFO: HHH000037: Columns: [id, starttime, startdate, setcount, name, courtcount, settime, setpoints, defaultlocation_id, leagueid, enddate]
Nov 05, 2012 2:24:59 PM org.hibernate.tool.hbm2ddl.TableMetadata <init>
INFO: HHH000108: Foreign keys: [fk2a725e126446e9eb, fk2a725e12cc67af6b]
Nov 05, 2012 2:24:59 PM org.hibernate.tool.hbm2ddl.TableMetadata <init>
INFO: HHH000126: Indexes: [fk2a725e12cc67af6b, fk2a725e126446e9eb, primary]
Nov 05, 2012 2:24:59 PM org.hibernate.tool.hbm2ddl.TableMetadata <init>
INFO: HHH000261: Table found: sports2.levelinterest
Nov 05, 2012 2:24:59 PM org.hibernate.tool.hbm2ddl.TableMetadata <init>
INFO: HHH000037: Columns: [id, maxlevelid, volleytypeid, playerid, minlevelid]
Nov 05, 2012 2:24:59 PM org.hibernate.tool.hbm2ddl.TableMetadata <init>
INFO: HHH000108: Foreign keys: [fk8d1912aeddf0227b, fk8d1912aece6365b2, fk8d1912aee664dc4f, fk8d1912ae3b0bae60]
Nov 05, 2012 2:24:59 PM org.hibernate.tool.hbm2ddl.TableMetadata <init>
INFO: HHH000126: Indexes: [fk8d1912aeddf0227b, primary, fk8d1912aece6365b2, fk8d1912aee664dc4f, fk8d1912ae3b0bae60]
Nov 05, 2012 2:24:59 PM org.hibernate.tool.hbm2ddl.TableMetadata <init>
INFO: HHH000261: Table found: sports2.location
Nov 05, 2012 2:24:59 PM org.hibernate.tool.hbm2ddl.TableMetadata <init>
INFO: HHH000037: Columns: [id, address, zipcode, name, province, googlemapsurl, longitude, latitude, country, city]
Nov 05, 2012 2:24:59 PM org.hibernate.tool.hbm2ddl.TableMetadata <init>
INFO: HHH000108: Foreign keys: []
Nov 05, 2012 2:24:59 PM org.hibernate.tool.hbm2ddl.TableMetadata <init>
INFO: HHH000126: Indexes: [primary]
Nov 05, 2012 2:24:59 PM org.hibernate.tool.hbm2ddl.TableMetadata <init>
INFO: HHH000261: Table found: sports2.matchset
Nov 05, 2012 2:24:59 PM org.hibernate.tool.hbm2ddl.TableMetadata <init>
INFO: HHH000037: Columns: [id, setno, setpoints, scoreteam2, matchid, scoreteam1]
Nov 05, 2012 2:24:59 PM org.hibernate.tool.hbm2ddl.TableMetadata <init>
INFO: HHH000108: Foreign keys: [fk158cbc7de85359d]
Nov 05, 2012 2:24:59 PM org.hibernate.tool.hbm2ddl.TableMetadata <init>
INFO: HHH000126: Indexes: [primary, fk158cbc7de85359d]
Nov 05, 2012 2:24:59 PM org.hibernate.tool.hbm2ddl.TableMetadata <init>
INFO: HHH000261: Table found: sports2.organization
Nov 05, 2012 2:24:59 PM org.hibernate.tool.hbm2ddl.TableMetadata <init>
INFO: HHH000037: Columns: [id, name_short, name_long]
Nov 05, 2012 2:24:59 PM org.hibernate.tool.hbm2ddl.TableMetadata <init>
INFO: HHH000108: Foreign keys: []
Nov 05, 2012 2:24:59 PM org.hibernate.tool.hbm2ddl.TableMetadata <init>
INFO: HHH000126: Indexes: [primary]
Nov 05, 2012 2:24:59 PM org.hibernate.tool.hbm2ddl.TableMetadata <init>
INFO: HHH000261: Table found: sports2.player
Nov 05, 2012 2:24:59 PM org.hibernate.tool.hbm2ddl.TableMetadata <init>
INFO: HHH000037: Columns: [id, sex, phone, height, email, zipcode, birthdate, lastname, longitude, latitude, firstname, password]
Nov 05, 2012 2:24:59 PM org.hibernate.tool.hbm2ddl.TableMetadata <init>
INFO: HHH000108: Foreign keys: []
Nov 05, 2012 2:24:59 PM org.hibernate.tool.hbm2ddl.TableMetadata <init>
INFO: HHH000126: Indexes: [primary]
Nov 05, 2012 2:24:59 PM org.hibernate.tool.hbm2ddl.TableMetadata <init>
INFO: HHH000261: Table found: sports2.playeravailability
Nov 05, 2012 2:24:59 PM org.hibernate.tool.hbm2ddl.TableMetadata <init>
INFO: HHH000037: Columns: [endtime, id, starttime, playerid, dayofweek]
Nov 05, 2012 2:24:59 PM org.hibernate.tool.hbm2ddl.TableMetadata <init>
INFO: HHH000108: Foreign keys: [fk39ef76fce664dc4f]
Nov 05, 2012 2:24:59 PM org.hibernate.tool.hbm2ddl.TableMetadata <init>
INFO: HHH000126: Indexes: [primary, fk39ef76fce664dc4f]
Nov 05, 2012 2:24:59 PM org.hibernate.tool.hbm2ddl.TableMetadata <init>
INFO: HHH000261: Table found: sports2.playervolleypos
Nov 05, 2012 2:24:59 PM org.hibernate.tool.hbm2ddl.TableMetadata <init>
INFO: HHH000037: Columns: [id, powerpos, centerpos, setterpos, player_id, techpos, leftside, rightside, liberopos]
Nov 05, 2012 2:24:59 PM org.hibernate.tool.hbm2ddl.TableMetadata <init>
INFO: HHH000108: Foreign keys: [fkd0816ca66cc47cc]
Nov 05, 2012 2:24:59 PM org.hibernate.tool.hbm2ddl.TableMetadata <init>
INFO: HHH000126: Indexes: [fkd0816ca66cc47cc, primary]
Nov 05, 2012 2:24:59 PM org.hibernate.tool.hbm2ddl.TableMetadata <init>
INFO: HHH000261: Table found: sports2.season_teams
Nov 05, 2012 2:24:59 PM org.hibernate.tool.hbm2ddl.TableMetadata <init>
INFO: HHH000037: Columns: [teamid, seasonid]
Nov 05, 2012 2:24:59 PM org.hibernate.tool.hbm2ddl.TableMetadata <init>
INFO: HHH000108: Foreign keys: [fk8c91dd3a4adc9562, fk8c91dd3a226400c7]
Nov 05, 2012 2:24:59 PM org.hibernate.tool.hbm2ddl.TableMetadata <init>
INFO: HHH000126: Indexes: [fk8c91dd3a4adc9562, fk8c91dd3a226400c7]
Nov 05, 2012 2:24:59 PM org.hibernate.tool.hbm2ddl.TableMetadata <init>
INFO: HHH000261: Table found: sports2.seasonevent
Nov 05, 2012 2:24:59 PM org.hibernate.tool.hbm2ddl.TableMetadata <init>
INFO: HHH000037: Columns: [id, leagueid, date]
Nov 05, 2012 2:24:59 PM org.hibernate.tool.hbm2ddl.TableMetadata <init>
INFO: HHH000108: Foreign keys: [fk2ec11557730dd9ae]
Nov 05, 2012 2:24:59 PM org.hibernate.tool.hbm2ddl.TableMetadata <init>
INFO: HHH000126: Indexes: [primary, fk2ec11557730dd9ae]
Nov 05, 2012 2:24:59 PM org.hibernate.tool.hbm2ddl.TableMetadata <init>
INFO: HHH000261: Table found: sports2.team
Nov 05, 2012 2:24:59 PM org.hibernate.tool.hbm2ddl.TableMetadata <init>
INFO: HHH000037: Columns: [id, name]
Nov 05, 2012 2:24:59 PM org.hibernate.tool.hbm2ddl.TableMetadata <init>
INFO: HHH000108: Foreign keys: []
Nov 05, 2012 2:24:59 PM org.hibernate.tool.hbm2ddl.TableMetadata <init>
INFO: HHH000126: Indexes: [primary]
Nov 05, 2012 2:24:59 PM org.hibernate.tool.hbm2ddl.TableMetadata <init>
INFO: HHH000261: Table found: sports2.teamplayer
Nov 05, 2012 2:24:59 PM org.hibernate.tool.hbm2ddl.TableMetadata <init>
INFO: HHH000037: Columns: [id, teamid, role, playerid]
Nov 05, 2012 2:24:59 PM org.hibernate.tool.hbm2ddl.TableMetadata <init>
INFO: HHH000108: Foreign keys: [fk1815abbe226400c7, fk1815abbee664dc4f]
Nov 05, 2012 2:24:59 PM org.hibernate.tool.hbm2ddl.TableMetadata <init>
INFO: HHH000126: Indexes: [fk1815abbe226400c7, primary, fk1815abbee664dc4f]
Nov 05, 2012 2:24:59 PM org.hibernate.tool.hbm2ddl.TableMetadata <init>
INFO: HHH000261: Table found: sports2.volleylevel
Nov 05, 2012 2:24:59 PM org.hibernate.tool.hbm2ddl.TableMetadata <init>
INFO: HHH000037: Columns: [id, skilllevel, name]
Nov 05, 2012 2:24:59 PM org.hibernate.tool.hbm2ddl.TableMetadata <init>
INFO: HHH000108: Foreign keys: []
Nov 05, 2012 2:24:59 PM org.hibernate.tool.hbm2ddl.TableMetadata <init>
INFO: HHH000126: Indexes: [primary]
Nov 05, 2012 2:24:59 PM org.hibernate.tool.hbm2ddl.TableMetadata <init>
INFO: HHH000261: Table found: sports2.volleytype
Nov 05, 2012 2:24:59 PM org.hibernate.tool.hbm2ddl.TableMetadata <init>
INFO: HHH000037: Columns: [id, sex, playercount, name_short, env, name_long]
Nov 05, 2012 2:24:59 PM org.hibernate.tool.hbm2ddl.TableMetadata <init>
INFO: HHH000108: Foreign keys: []
Nov 05, 2012 2:24:59 PM org.hibernate.tool.hbm2ddl.TableMetadata <init>
INFO: HHH000126: Indexes: [primary]
Nov 05, 2012 2:24:59 PM org.hibernate.tool.hbm2ddl.TableMetadata <init>
INFO: HHH000261: Table found: sports2.player_league_interest
Nov 05, 2012 2:24:59 PM org.hibernate.tool.hbm2ddl.TableMetadata <init>
INFO: HHH000037: Columns: [leagueseasonid, playerid]
Nov 05, 2012 2:24:59 PM org.hibernate.tool.hbm2ddl.TableMetadata <init>
INFO: HHH000108: Foreign keys: [fk654c99dca5034891, fk654c99dce664dc4f]
Nov 05, 2012 2:24:59 PM org.hibernate.tool.hbm2ddl.TableMetadata <init>
INFO: HHH000126: Indexes: [fk654c99dca5034891, fk654c99dce664dc4f]
Nov 05, 2012 2:24:59 PM org.hibernate.tool.hbm2ddl.SchemaUpdate execute
INFO: HHH000232: Schema update complete
Nov 05, 2012 2:35:02 PM org.apache.coyote.http11.Http11Protocol pause
INFO: Pausing Coyote HTTP/1.1 on http-8400
Nov 05, 2012 2:35:03 PM org.apache.catalina.core.StandardService stop
INFO: Stopping service Catalina
Nov 05, 2012 2:35:03 PM org.apache.coyote.http11.Http11Protocol destroy
INFO: Stopping Coyote HTTP/1.1 on http-8400
Nov 05, 2012 2:35:10 PM org.apache.catalina.core.AprLifecycleListener init
INFO: The Apache Tomcat Native library which allows optimal performance in production environments was not found on the java.library.path: C:\java\jdk\jdk1.7.0_07\bin;C:\Windows\Sun\Java\bin;C:\Windows\system32;C:\Windows;C:\Program Files (x86)\NVIDIA Corporation\PhysX\Common;C:\Program Files\Common Files\Microsoft Shared\Windows Live;C:\Program Files (x86)\Common Files\Microsoft Shared\Windows Live;C:\Windows\system32;C:\Windows;C:\Windows\System32\Wbem;C:\Windows\System32\WindowsPowerShell\v1.0\;C:\Program Files\Broadcom\Broadcom 802.11\Driver;C:\Program Files (x86)\QuickTime\QTSystem\;C:\Program Files (x86)\Windows Live\Shared;.
Nov 05, 2012 2:35:10 PM org.apache.coyote.http11.Http11Protocol init
INFO: Initializing Coyote HTTP/1.1 on http-8400
Nov 05, 2012 2:35:10 PM org.apache.catalina.startup.Catalina load
INFO: Initialization processed in 534 ms
Nov 05, 2012 2:35:10 PM org.apache.catalina.core.StandardService start
INFO: Starting service Catalina
Nov 05, 2012 2:35:10 PM org.apache.catalina.core.StandardEngine start
INFO: Starting Servlet Engine: Apache Tomcat/6.0.14
Nov 05, 2012 2:35:16 PM org.apache.coyote.http11.Http11Protocol start
INFO: Starting Coyote HTTP/1.1 on http-8400
Nov 05, 2012 2:35:16 PM org.apache.jk.common.ChannelSocket init
INFO: JK: ajp13 listening on /0.0.0.0:8009
Nov 05, 2012 2:35:16 PM org.apache.jk.server.JkMain start
INFO: Jk running ID=0 time=0/24  config=null
Nov 05, 2012 2:35:16 PM org.apache.catalina.startup.Catalina start
INFO: Server startup in 6054 ms
Nov 05, 2012 2:35:40 PM org.hibernate.annotations.common.Version <clinit>
INFO: HCANN000001: Hibernate Commons Annotations {4.0.1.Final}
Nov 05, 2012 2:35:40 PM org.hibernate.Version logVersion
INFO: HHH000412: Hibernate Core {4.1.7.Final}
Nov 05, 2012 2:35:40 PM org.hibernate.cfg.Environment <clinit>
INFO: HHH000206: hibernate.properties not found
Nov 05, 2012 2:35:40 PM org.hibernate.cfg.Environment buildBytecodeProvider
INFO: HHH000021: Bytecode provider name : javassist
Nov 05, 2012 2:35:40 PM org.hibernate.cfg.Configuration configure
INFO: HHH000043: Configuring from resource: /hibernate.cfg.xml
Nov 05, 2012 2:35:40 PM org.hibernate.cfg.Configuration getConfigurationInputStream
INFO: HHH000040: Configuration resource: /hibernate.cfg.xml
Nov 05, 2012 2:35:40 PM org.hibernate.cfg.Configuration doConfigure
INFO: HHH000041: Configured SessionFactory: null
Nov 05, 2012 2:35:40 PM org.hibernate.service.jdbc.connections.internal.DriverManagerConnectionProviderImpl configure
INFO: HHH000402: Using Hibernate built-in connection pool (not for production use!)
Nov 05, 2012 2:35:40 PM org.hibernate.service.jdbc.connections.internal.DriverManagerConnectionProviderImpl configure
INFO: HHH000115: Hibernate connection pool size: 10
Nov 05, 2012 2:35:40 PM org.hibernate.service.jdbc.connections.internal.DriverManagerConnectionProviderImpl configure
INFO: HHH000006: Autocommit mode: false
Nov 05, 2012 2:35:40 PM org.hibernate.service.jdbc.connections.internal.DriverManagerConnectionProviderImpl configure
INFO: HHH000401: using driver [com.mysql.jdbc.Driver] at URL [jdbc:mysql://localhost:3306/sports2]
Nov 05, 2012 2:35:40 PM org.hibernate.service.jdbc.connections.internal.DriverManagerConnectionProviderImpl configure
INFO: HHH000046: Connection properties: {user=root, password=****}
Nov 05, 2012 2:35:41 PM org.hibernate.dialect.Dialect <init>
INFO: HHH000400: Using dialect: org.hibernate.dialect.MySQLDialect
Nov 05, 2012 2:35:41 PM org.hibernate.engine.transaction.internal.TransactionFactoryInitiator initiateService
INFO: HHH000399: Using default transaction strategy (direct JDBC transactions)
Nov 05, 2012 2:35:41 PM org.hibernate.hql.internal.ast.ASTQueryTranslatorFactory <init>
INFO: HHH000397: Using ASTQueryTranslatorFactory
Nov 05, 2012 2:35:41 PM org.hibernate.tool.hbm2ddl.SchemaUpdate execute
INFO: HHH000228: Running hbm2ddl schema update
Nov 05, 2012 2:35:41 PM org.hibernate.tool.hbm2ddl.SchemaUpdate execute
INFO: HHH000102: Fetching database metadata
Nov 05, 2012 2:35:41 PM org.hibernate.tool.hbm2ddl.SchemaUpdate execute
INFO: HHH000396: Updating schema
Nov 05, 2012 2:35:41 PM org.hibernate.tool.hbm2ddl.TableMetadata <init>
INFO: HHH000261: Table found: sports2.eventmatch
Nov 05, 2012 2:35:41 PM org.hibernate.tool.hbm2ddl.TableMetadata <init>
INFO: HHH000037: Columns: [id, eventid, team1, team2]
Nov 05, 2012 2:35:41 PM org.hibernate.tool.hbm2ddl.TableMetadata <init>
INFO: HHH000108: Foreign keys: [fkb077e36b2e9fa03a, fkb077e36b5d46de03, fkb077e36b5d46de04]
Nov 05, 2012 2:35:41 PM org.hibernate.tool.hbm2ddl.TableMetadata <init>
INFO: HHH000126: Indexes: [fkb077e36b2e9fa03a, primary, fkb077e36b5d46de03, fkb077e36b5d46de04]
Nov 05, 2012 2:35:41 PM org.hibernate.tool.hbm2ddl.TableMetadata <init>
INFO: HHH000261: Table found: sports2.eventteam
Nov 05, 2012 2:35:41 PM org.hibernate.tool.hbm2ddl.TableMetadata <init>
INFO: HHH000037: Columns: [id, teamid, lost, pool, won, eventid, pos]
Nov 05, 2012 2:35:41 PM org.hibernate.tool.hbm2ddl.TableMetadata <init>
INFO: HHH000108: Foreign keys: [fk79516bf7226400c7, fk79516bf72e9fa03a]
Nov 05, 2012 2:35:41 PM org.hibernate.tool.hbm2ddl.TableMetadata <init>
INFO: HHH000126: Indexes: [fk79516bf7226400c7, primary, fk79516bf72e9fa03a]
Nov 05, 2012 2:35:41 PM org.hibernate.tool.hbm2ddl.TableMetadata <init>
INFO: HHH000261: Table found: sports2.invitation
Nov 05, 2012 2:35:41 PM org.hibernate.tool.hbm2ddl.TableMetadata <init>
INFO: HHH000037: Columns: [response, id, fromplayerid, teamid, status, toplayerid, eventid, frommessage]
Nov 05, 2012 2:35:42 PM org.hibernate.tool.hbm2ddl.TableMetadata <init>
INFO: HHH000108: Foreign keys: [fkbe1153b951ffa9f9, fkbe1153b92e9fa03a, fkbe1153b9e1583fca, fkbe1153b9226400c7]
Nov 05, 2012 2:35:42 PM org.hibernate.tool.hbm2ddl.TableMetadata <init>
INFO: HHH000126: Indexes: [fkbe1153b951ffa9f9, fkbe1153b92e9fa03a, fkbe1153b9e1583fca, primary, fkbe1153b9226400c7]
Nov 05, 2012 2:35:42 PM org.hibernate.tool.hbm2ddl.TableMetadata <init>
INFO: HHH000261: Table found: sports2.league
Nov 05, 2012 2:35:42 PM org.hibernate.tool.hbm2ddl.TableMetadata <init>
INFO: HHH000037: Columns: [id, orgid, hasseasonteams, name, volleytypeid]
Nov 05, 2012 2:35:42 PM org.hibernate.tool.hbm2ddl.TableMetadata <init>
INFO: HHH000108: Foreign keys: [fk876d3e4f41c0c064, fk876d3e4fddf0227b]
Nov 05, 2012 2:35:42 PM org.hibernate.tool.hbm2ddl.TableMetadata <init>
INFO: HHH000126: Indexes: [primary, fk876d3e4f41c0c064, fk876d3e4fddf0227b]
Nov 05, 2012 2:35:42 PM org.hibernate.tool.hbm2ddl.TableMetadata <init>
INFO: HHH000261: Table found: sports2.leagueadmin
Nov 05, 2012 2:35:42 PM org.hibernate.tool.hbm2ddl.TableMetadata <init>
INFO: HHH000037: Columns: [id, role, playerid, leagueid]
Nov 05, 2012 2:35:42 PM org.hibernate.tool.hbm2ddl.TableMetadata <init>
INFO: HHH000108: Foreign keys: [fk6bbb6e40cc67af6b, fk6bbb6e40e664dc4f]
Nov 05, 2012 2:35:42 PM org.hibernate.tool.hbm2ddl.TableMetadata <init>
INFO: HHH000126: Indexes: [fk6bbb6e40cc67af6b, fk6bbb6e40e664dc4f, primary]
Nov 05, 2012 2:35:42 PM org.hibernate.tool.hbm2ddl.TableMetadata <init>
INFO: HHH000261: Table found: sports2.leagueseason
Nov 05, 2012 2:35:42 PM org.hibernate.tool.hbm2ddl.TableMetadata <init>
INFO: HHH000037: Columns: [id, starttime, startdate, setcount, name, courtcount, settime, setpoints, defaultlocation_id, leagueid, enddate]
Nov 05, 2012 2:35:42 PM org.hibernate.tool.hbm2ddl.TableMetadata <init>
INFO: HHH000108: Foreign keys: [fk2a725e126446e9eb, fk2a725e12cc67af6b]
Nov 05, 2012 2:35:42 PM org.hibernate.tool.hbm2ddl.TableMetadata <init>
INFO: HHH000126: Indexes: [fk2a725e12cc67af6b, fk2a725e126446e9eb, primary]
Nov 05, 2012 2:35:42 PM org.hibernate.tool.hbm2ddl.TableMetadata <init>
INFO: HHH000261: Table found: sports2.levelinterest
Nov 05, 2012 2:35:42 PM org.hibernate.tool.hbm2ddl.TableMetadata <init>
INFO: HHH000037: Columns: [id, maxlevelid, volleytypeid, playerid, minlevelid]
Nov 05, 2012 2:35:42 PM org.hibernate.tool.hbm2ddl.TableMetadata <init>
INFO: HHH000108: Foreign keys: [fk8d1912aeddf0227b, fk8d1912aece6365b2, fk8d1912aee664dc4f, fk8d1912ae3b0bae60]
Nov 05, 2012 2:35:42 PM org.hibernate.tool.hbm2ddl.TableMetadata <init>
INFO: HHH000126: Indexes: [fk8d1912aeddf0227b, primary, fk8d1912aece6365b2, fk8d1912aee664dc4f, fk8d1912ae3b0bae60]
Nov 05, 2012 2:35:42 PM org.hibernate.tool.hbm2ddl.TableMetadata <init>
INFO: HHH000261: Table found: sports2.location
Nov 05, 2012 2:35:42 PM org.hibernate.tool.hbm2ddl.TableMetadata <init>
INFO: HHH000037: Columns: [id, address, zipcode, name, province, googlemapsurl, longitude, latitude, country, city]
Nov 05, 2012 2:35:42 PM org.hibernate.tool.hbm2ddl.TableMetadata <init>
INFO: HHH000108: Foreign keys: []
Nov 05, 2012 2:35:42 PM org.hibernate.tool.hbm2ddl.TableMetadata <init>
INFO: HHH000126: Indexes: [primary]
Nov 05, 2012 2:35:42 PM org.hibernate.tool.hbm2ddl.TableMetadata <init>
INFO: HHH000261: Table found: sports2.matchset
Nov 05, 2012 2:35:42 PM org.hibernate.tool.hbm2ddl.TableMetadata <init>
INFO: HHH000037: Columns: [id, setno, setpoints, scoreteam2, matchid, scoreteam1]
Nov 05, 2012 2:35:42 PM org.hibernate.tool.hbm2ddl.TableMetadata <init>
INFO: HHH000108: Foreign keys: [fk158cbc7de85359d]
Nov 05, 2012 2:35:42 PM org.hibernate.tool.hbm2ddl.TableMetadata <init>
INFO: HHH000126: Indexes: [primary, fk158cbc7de85359d]
Nov 05, 2012 2:35:42 PM org.hibernate.tool.hbm2ddl.TableMetadata <init>
INFO: HHH000261: Table found: sports2.organization
Nov 05, 2012 2:35:42 PM org.hibernate.tool.hbm2ddl.TableMetadata <init>
INFO: HHH000037: Columns: [id, name_short, name_long]
Nov 05, 2012 2:35:42 PM org.hibernate.tool.hbm2ddl.TableMetadata <init>
INFO: HHH000108: Foreign keys: []
Nov 05, 2012 2:35:42 PM org.hibernate.tool.hbm2ddl.TableMetadata <init>
INFO: HHH000126: Indexes: [primary]
Nov 05, 2012 2:35:42 PM org.hibernate.tool.hbm2ddl.TableMetadata <init>
INFO: HHH000261: Table found: sports2.player
Nov 05, 2012 2:35:42 PM org.hibernate.tool.hbm2ddl.TableMetadata <init>
INFO: HHH000037: Columns: [id, sex, phone, height, email, zipcode, birthdate, lastname, longitude, latitude, firstname, password]
Nov 05, 2012 2:35:42 PM org.hibernate.tool.hbm2ddl.TableMetadata <init>
INFO: HHH000108: Foreign keys: []
Nov 05, 2012 2:35:42 PM org.hibernate.tool.hbm2ddl.TableMetadata <init>
INFO: HHH000126: Indexes: [primary]
Nov 05, 2012 2:35:42 PM org.hibernate.tool.hbm2ddl.TableMetadata <init>
INFO: HHH000261: Table found: sports2.playeravailability
Nov 05, 2012 2:35:42 PM org.hibernate.tool.hbm2ddl.TableMetadata <init>
INFO: HHH000037: Columns: [endtime, id, starttime, playerid, dayofweek]
Nov 05, 2012 2:35:42 PM org.hibernate.tool.hbm2ddl.TableMetadata <init>
INFO: HHH000108: Foreign keys: [fk39ef76fce664dc4f]
Nov 05, 2012 2:35:42 PM org.hibernate.tool.hbm2ddl.TableMetadata <init>
INFO: HHH000126: Indexes: [primary, fk39ef76fce664dc4f]
Nov 05, 2012 2:35:42 PM org.hibernate.tool.hbm2ddl.TableMetadata <init>
INFO: HHH000261: Table found: sports2.playervolleypos
Nov 05, 2012 2:35:42 PM org.hibernate.tool.hbm2ddl.TableMetadata <init>
INFO: HHH000037: Columns: [id, powerpos, centerpos, setterpos, player_id, techpos, leftside, rightside, liberopos]
Nov 05, 2012 2:35:42 PM org.hibernate.tool.hbm2ddl.TableMetadata <init>
INFO: HHH000108: Foreign keys: [fkd0816ca66cc47cc]
Nov 05, 2012 2:35:42 PM org.hibernate.tool.hbm2ddl.TableMetadata <init>
INFO: HHH000126: Indexes: [fkd0816ca66cc47cc, primary]
Nov 05, 2012 2:35:42 PM org.hibernate.tool.hbm2ddl.TableMetadata <init>
INFO: HHH000261: Table found: sports2.season_teams
Nov 05, 2012 2:35:42 PM org.hibernate.tool.hbm2ddl.TableMetadata <init>
INFO: HHH000037: Columns: [teamid, seasonid]
Nov 05, 2012 2:35:42 PM org.hibernate.tool.hbm2ddl.TableMetadata <init>
INFO: HHH000108: Foreign keys: [fk8c91dd3a4adc9562, fk8c91dd3a226400c7]
Nov 05, 2012 2:35:42 PM org.hibernate.tool.hbm2ddl.TableMetadata <init>
INFO: HHH000126: Indexes: [fk8c91dd3a4adc9562, fk8c91dd3a226400c7]
Nov 05, 2012 2:35:42 PM org.hibernate.tool.hbm2ddl.TableMetadata <init>
INFO: HHH000261: Table found: sports2.seasonevent
Nov 05, 2012 2:35:42 PM org.hibernate.tool.hbm2ddl.TableMetadata <init>
INFO: HHH000037: Columns: [id, leagueid, date]
Nov 05, 2012 2:35:42 PM org.hibernate.tool.hbm2ddl.TableMetadata <init>
INFO: HHH000108: Foreign keys: [fk2ec11557730dd9ae]
Nov 05, 2012 2:35:42 PM org.hibernate.tool.hbm2ddl.TableMetadata <init>
INFO: HHH000126: Indexes: [primary, fk2ec11557730dd9ae]
Nov 05, 2012 2:35:42 PM org.hibernate.tool.hbm2ddl.TableMetadata <init>
INFO: HHH000261: Table found: sports2.team
Nov 05, 2012 2:35:42 PM org.hibernate.tool.hbm2ddl.TableMetadata <init>
INFO: HHH000037: Columns: [id, name]
Nov 05, 2012 2:35:42 PM org.hibernate.tool.hbm2ddl.TableMetadata <init>
INFO: HHH000108: Foreign keys: []
Nov 05, 2012 2:35:42 PM org.hibernate.tool.hbm2ddl.TableMetadata <init>
INFO: HHH000126: Indexes: [primary]
Nov 05, 2012 2:35:42 PM org.hibernate.tool.hbm2ddl.TableMetadata <init>
INFO: HHH000261: Table found: sports2.teamplayer
Nov 05, 2012 2:35:42 PM org.hibernate.tool.hbm2ddl.TableMetadata <init>
INFO: HHH000037: Columns: [id, teamid, role, playerid]
Nov 05, 2012 2:35:42 PM org.hibernate.tool.hbm2ddl.TableMetadata <init>
INFO: HHH000108: Foreign keys: [fk1815abbe226400c7, fk1815abbee664dc4f]
Nov 05, 2012 2:35:42 PM org.hibernate.tool.hbm2ddl.TableMetadata <init>
INFO: HHH000126: Indexes: [fk1815abbe226400c7, primary, fk1815abbee664dc4f]
Nov 05, 2012 2:35:42 PM org.hibernate.tool.hbm2ddl.TableMetadata <init>
INFO: HHH000261: Table found: sports2.volleylevel
Nov 05, 2012 2:35:42 PM org.hibernate.tool.hbm2ddl.TableMetadata <init>
INFO: HHH000037: Columns: [id, skilllevel, name]
Nov 05, 2012 2:35:42 PM org.hibernate.tool.hbm2ddl.TableMetadata <init>
INFO: HHH000108: Foreign keys: []
Nov 05, 2012 2:35:42 PM org.hibernate.tool.hbm2ddl.TableMetadata <init>
INFO: HHH000126: Indexes: [primary]
Nov 05, 2012 2:35:42 PM org.hibernate.tool.hbm2ddl.TableMetadata <init>
INFO: HHH000261: Table found: sports2.volleytype
Nov 05, 2012 2:35:42 PM org.hibernate.tool.hbm2ddl.TableMetadata <init>
INFO: HHH000037: Columns: [id, sex, playercount, name_short, env, name_long]
Nov 05, 2012 2:35:42 PM org.hibernate.tool.hbm2ddl.TableMetadata <init>
INFO: HHH000108: Foreign keys: []
Nov 05, 2012 2:35:42 PM org.hibernate.tool.hbm2ddl.TableMetadata <init>
INFO: HHH000126: Indexes: [primary]
Nov 05, 2012 2:35:42 PM org.hibernate.tool.hbm2ddl.TableMetadata <init>
INFO: HHH000261: Table found: sports2.player_league_interest
Nov 05, 2012 2:35:42 PM org.hibernate.tool.hbm2ddl.TableMetadata <init>
INFO: HHH000037: Columns: [leagueseasonid, playerid]
Nov 05, 2012 2:35:42 PM org.hibernate.tool.hbm2ddl.TableMetadata <init>
INFO: HHH000108: Foreign keys: [fk654c99dca5034891, fk654c99dce664dc4f]
Nov 05, 2012 2:35:42 PM org.hibernate.tool.hbm2ddl.TableMetadata <init>
INFO: HHH000126: Indexes: [fk654c99dca5034891, fk654c99dce664dc4f]
Nov 05, 2012 2:35:42 PM org.hibernate.tool.hbm2ddl.SchemaUpdate execute
INFO: HHH000232: Schema update complete
