Oct 24, 2012 9:51:11 PM org.apache.catalina.core.AprLifecycleListener init
INFO: The Apache Tomcat Native library which allows optimal performance in production environments was not found on the java.library.path: C:\java\jdk\jdk1.7.0_07\bin;C:\Windows\Sun\Java\bin;C:\Windows\system32;C:\Windows;C:\Program Files (x86)\NVIDIA Corporation\PhysX\Common;C:\Program Files\Common Files\Microsoft Shared\Windows Live;C:\Program Files (x86)\Common Files\Microsoft Shared\Windows Live;C:\Windows\system32;C:\Windows;C:\Windows\System32\Wbem;C:\Windows\System32\WindowsPowerShell\v1.0\;C:\Program Files\Broadcom\Broadcom 802.11\Driver;C:\Program Files (x86)\Windows Live\Shared;C:\Program Files (x86)\QuickTime\QTSystem\;.
Oct 24, 2012 9:51:12 PM org.apache.coyote.http11.Http11Protocol init
INFO: Initializing Coyote HTTP/1.1 on http-8400
Oct 24, 2012 9:51:12 PM org.apache.catalina.startup.Catalina load
INFO: Initialization processed in 2009 ms
Oct 24, 2012 9:51:13 PM org.apache.catalina.core.StandardService start
INFO: Starting service Catalina
Oct 24, 2012 9:51:13 PM org.apache.catalina.core.StandardEngine start
INFO: Starting Servlet Engine: Apache Tomcat/6.0.14
Oct 24, 2012 9:51:35 PM org.apache.coyote.http11.Http11Protocol start
INFO: Starting Coyote HTTP/1.1 on http-8400
Oct 24, 2012 9:51:35 PM org.apache.jk.common.ChannelSocket init
INFO: JK: ajp13 listening on /0.0.0.0:8009
Oct 24, 2012 9:51:35 PM org.apache.jk.server.JkMain start
INFO: Jk running ID=0 time=0/44  config=null
Oct 24, 2012 9:51:35 PM org.apache.catalina.startup.Catalina start
INFO: Server startup in 23234 ms
Oct 24, 2012 10:02:38 PM org.apache.coyote.http11.Http11Protocol pause
INFO: Pausing Coyote HTTP/1.1 on http-8400
Oct 24, 2012 10:02:39 PM org.apache.catalina.core.StandardService stop
INFO: Stopping service Catalina
Oct 24, 2012 10:02:40 PM org.apache.coyote.http11.Http11Protocol destroy
INFO: Stopping Coyote HTTP/1.1 on http-8400
Oct 24, 2012 10:02:45 PM org.apache.catalina.core.AprLifecycleListener init
INFO: The Apache Tomcat Native library which allows optimal performance in production environments was not found on the java.library.path: C:\java\jdk\jdk1.7.0_07\bin;C:\Windows\Sun\Java\bin;C:\Windows\system32;C:\Windows;C:\Program Files (x86)\NVIDIA Corporation\PhysX\Common;C:\Program Files\Common Files\Microsoft Shared\Windows Live;C:\Program Files (x86)\Common Files\Microsoft Shared\Windows Live;C:\Windows\system32;C:\Windows;C:\Windows\System32\Wbem;C:\Windows\System32\WindowsPowerShell\v1.0\;C:\Program Files\Broadcom\Broadcom 802.11\Driver;C:\Program Files (x86)\Windows Live\Shared;C:\Program Files (x86)\QuickTime\QTSystem\;.
Oct 24, 2012 10:02:45 PM org.apache.coyote.http11.Http11Protocol init
INFO: Initializing Coyote HTTP/1.1 on http-8400
Oct 24, 2012 10:02:45 PM org.apache.catalina.startup.Catalina load
INFO: Initialization processed in 566 ms
Oct 24, 2012 10:02:45 PM org.apache.catalina.core.StandardService start
INFO: Starting service Catalina
Oct 24, 2012 10:02:45 PM org.apache.catalina.core.StandardEngine start
INFO: Starting Servlet Engine: Apache Tomcat/6.0.14
Oct 24, 2012 10:02:52 PM org.apache.coyote.http11.Http11Protocol start
INFO: Starting Coyote HTTP/1.1 on http-8400
Oct 24, 2012 10:02:52 PM org.apache.jk.common.ChannelSocket init
INFO: JK: ajp13 listening on /0.0.0.0:8009
Oct 24, 2012 10:02:52 PM org.apache.jk.server.JkMain start
INFO: Jk running ID=0 time=0/82  config=null
Oct 24, 2012 10:02:52 PM org.apache.catalina.startup.Catalina start
INFO: Server startup in 6803 ms
Oct 24, 2012 10:44:36 PM org.apache.coyote.http11.Http11Protocol pause
INFO: Pausing Coyote HTTP/1.1 on http-8400
Oct 24, 2012 10:44:37 PM org.apache.catalina.core.StandardService stop
INFO: Stopping service Catalina
Oct 24, 2012 10:44:38 PM org.apache.coyote.http11.Http11Protocol destroy
INFO: Stopping Coyote HTTP/1.1 on http-8400
Oct 24, 2012 10:44:40 PM org.apache.catalina.core.AprLifecycleListener init
INFO: The Apache Tomcat Native library which allows optimal performance in production environments was not found on the java.library.path: C:\java\jdk\jdk1.7.0_07\bin;C:\Windows\Sun\Java\bin;C:\Windows\system32;C:\Windows;C:\Program Files (x86)\NVIDIA Corporation\PhysX\Common;C:\Program Files\Common Files\Microsoft Shared\Windows Live;C:\Program Files (x86)\Common Files\Microsoft Shared\Windows Live;C:\Windows\system32;C:\Windows;C:\Windows\System32\Wbem;C:\Windows\System32\WindowsPowerShell\v1.0\;C:\Program Files\Broadcom\Broadcom 802.11\Driver;C:\Program Files (x86)\Windows Live\Shared;C:\Program Files (x86)\QuickTime\QTSystem\;.
Oct 24, 2012 10:44:40 PM org.apache.coyote.http11.Http11Protocol init
INFO: Initializing Coyote HTTP/1.1 on http-8400
Oct 24, 2012 10:44:40 PM org.apache.catalina.startup.Catalina load
INFO: Initialization processed in 566 ms
Oct 24, 2012 10:44:40 PM org.apache.catalina.core.StandardService start
INFO: Starting service Catalina
Oct 24, 2012 10:44:40 PM org.apache.catalina.core.StandardEngine start
INFO: Starting Servlet Engine: Apache Tomcat/6.0.14
Oct 24, 2012 10:44:47 PM org.apache.coyote.http11.Http11Protocol start
INFO: Starting Coyote HTTP/1.1 on http-8400
Oct 24, 2012 10:44:47 PM org.apache.jk.common.ChannelSocket init
INFO: JK: ajp13 listening on /0.0.0.0:8009
Oct 24, 2012 10:44:47 PM org.apache.jk.server.JkMain start
INFO: Jk running ID=0 time=0/25  config=null
Oct 24, 2012 10:44:47 PM org.apache.catalina.startup.Catalina start
INFO: Server startup in 6509 ms
Oct 24, 2012 10:45:36 PM org.apache.coyote.http11.Http11Protocol pause
INFO: Pausing Coyote HTTP/1.1 on http-8400
Oct 24, 2012 10:45:37 PM org.apache.catalina.core.StandardService stop
INFO: Stopping service Catalina
Oct 24, 2012 10:45:38 PM org.apache.coyote.http11.Http11Protocol destroy
INFO: Stopping Coyote HTTP/1.1 on http-8400
Oct 24, 2012 10:45:45 PM org.apache.catalina.core.AprLifecycleListener init
INFO: The Apache Tomcat Native library which allows optimal performance in production environments was not found on the java.library.path: C:\java\jdk\jdk1.7.0_07\bin;C:\Windows\Sun\Java\bin;C:\Windows\system32;C:\Windows;C:\Program Files (x86)\NVIDIA Corporation\PhysX\Common;C:\Program Files\Common Files\Microsoft Shared\Windows Live;C:\Program Files (x86)\Common Files\Microsoft Shared\Windows Live;C:\Windows\system32;C:\Windows;C:\Windows\System32\Wbem;C:\Windows\System32\WindowsPowerShell\v1.0\;C:\Program Files\Broadcom\Broadcom 802.11\Driver;C:\Program Files (x86)\Windows Live\Shared;C:\Program Files (x86)\QuickTime\QTSystem\;.
Oct 24, 2012 10:45:45 PM org.apache.coyote.http11.Http11Protocol init
INFO: Initializing Coyote HTTP/1.1 on http-8400
Oct 24, 2012 10:45:45 PM org.apache.catalina.startup.Catalina load
INFO: Initialization processed in 609 ms
Oct 24, 2012 10:45:45 PM org.apache.catalina.core.StandardService start
INFO: Starting service Catalina
Oct 24, 2012 10:45:45 PM org.apache.catalina.core.StandardEngine start
INFO: Starting Servlet Engine: Apache Tomcat/6.0.14
Oct 24, 2012 10:45:52 PM org.apache.coyote.http11.Http11Protocol start
INFO: Starting Coyote HTTP/1.1 on http-8400
Oct 24, 2012 10:45:52 PM org.apache.jk.common.ChannelSocket init
INFO: JK: ajp13 listening on /0.0.0.0:8009
Oct 24, 2012 10:45:52 PM org.apache.jk.server.JkMain start
INFO: Jk running ID=0 time=0/25  config=null
Oct 24, 2012 10:45:52 PM org.apache.catalina.startup.Catalina start
INFO: Server startup in 6408 ms
Oct 24, 2012 10:58:33 PM org.apache.coyote.http11.Http11Protocol pause
INFO: Pausing Coyote HTTP/1.1 on http-8400
Oct 24, 2012 10:58:34 PM org.apache.catalina.core.StandardService stop
INFO: Stopping service Catalina
Oct 24, 2012 10:58:35 PM org.apache.coyote.http11.Http11Protocol destroy
INFO: Stopping Coyote HTTP/1.1 on http-8400
Oct 24, 2012 10:58:43 PM org.apache.catalina.core.AprLifecycleListener init
INFO: The Apache Tomcat Native library which allows optimal performance in production environments was not found on the java.library.path: C:\java\jdk\jdk1.7.0_07\bin;C:\Windows\Sun\Java\bin;C:\Windows\system32;C:\Windows;C:\Program Files (x86)\NVIDIA Corporation\PhysX\Common;C:\Program Files\Common Files\Microsoft Shared\Windows Live;C:\Program Files (x86)\Common Files\Microsoft Shared\Windows Live;C:\Windows\system32;C:\Windows;C:\Windows\System32\Wbem;C:\Windows\System32\WindowsPowerShell\v1.0\;C:\Program Files\Broadcom\Broadcom 802.11\Driver;C:\Program Files (x86)\Windows Live\Shared;C:\Program Files (x86)\QuickTime\QTSystem\;.
Oct 24, 2012 10:58:43 PM org.apache.coyote.http11.Http11Protocol init
INFO: Initializing Coyote HTTP/1.1 on http-8400
Oct 24, 2012 10:58:43 PM org.apache.catalina.startup.Catalina load
INFO: Initialization processed in 568 ms
Oct 24, 2012 10:58:43 PM org.apache.catalina.core.StandardService start
INFO: Starting service Catalina
Oct 24, 2012 10:58:43 PM org.apache.catalina.core.StandardEngine start
INFO: Starting Servlet Engine: Apache Tomcat/6.0.14
Oct 24, 2012 10:58:50 PM org.apache.coyote.http11.Http11Protocol start
INFO: Starting Coyote HTTP/1.1 on http-8400
Oct 24, 2012 10:58:50 PM org.apache.jk.common.ChannelSocket init
INFO: JK: ajp13 listening on /0.0.0.0:8009
Oct 24, 2012 10:58:50 PM org.apache.jk.server.JkMain start
INFO: Jk running ID=0 time=0/26  config=null
Oct 24, 2012 10:58:50 PM org.apache.catalina.startup.Catalina start
INFO: Server startup in 6467 ms
Oct 24, 2012 11:27:23 PM org.apache.coyote.http11.Http11Protocol pause
INFO: Pausing Coyote HTTP/1.1 on http-8400
Oct 24, 2012 11:27:24 PM org.apache.catalina.core.StandardService stop
INFO: Stopping service Catalina
Oct 24, 2012 11:27:25 PM org.apache.coyote.http11.Http11Protocol destroy
INFO: Stopping Coyote HTTP/1.1 on http-8400
Oct 24, 2012 11:27:28 PM org.apache.catalina.core.AprLifecycleListener init
INFO: The Apache Tomcat Native library which allows optimal performance in production environments was not found on the java.library.path: C:\java\jdk\jdk1.7.0_07\bin;C:\Windows\Sun\Java\bin;C:\Windows\system32;C:\Windows;C:\Program Files (x86)\NVIDIA Corporation\PhysX\Common;C:\Program Files\Common Files\Microsoft Shared\Windows Live;C:\Program Files (x86)\Common Files\Microsoft Shared\Windows Live;C:\Windows\system32;C:\Windows;C:\Windows\System32\Wbem;C:\Windows\System32\WindowsPowerShell\v1.0\;C:\Program Files\Broadcom\Broadcom 802.11\Driver;C:\Program Files (x86)\Windows Live\Shared;C:\Program Files (x86)\QuickTime\QTSystem\;.
Oct 24, 2012 11:27:28 PM org.apache.coyote.http11.Http11Protocol init
INFO: Initializing Coyote HTTP/1.1 on http-8400
Oct 24, 2012 11:27:28 PM org.apache.catalina.startup.Catalina load
INFO: Initialization processed in 561 ms
Oct 24, 2012 11:27:28 PM org.apache.catalina.core.StandardService start
INFO: Starting service Catalina
Oct 24, 2012 11:27:28 PM org.apache.catalina.core.StandardEngine start
INFO: Starting Servlet Engine: Apache Tomcat/6.0.14
Oct 24, 2012 11:27:34 PM org.apache.coyote.http11.Http11Protocol start
INFO: Starting Coyote HTTP/1.1 on http-8400
Oct 24, 2012 11:27:34 PM org.apache.jk.common.ChannelSocket init
INFO: JK: ajp13 listening on /0.0.0.0:8009
Oct 24, 2012 11:27:34 PM org.apache.jk.server.JkMain start
INFO: Jk running ID=0 time=0/25  config=null
Oct 24, 2012 11:27:34 PM org.apache.catalina.startup.Catalina start
INFO: Server startup in 6367 ms
Oct 24, 2012 11:30:49 PM org.apache.coyote.http11.Http11Protocol pause
INFO: Pausing Coyote HTTP/1.1 on http-8400
Oct 24, 2012 11:30:50 PM org.apache.catalina.core.StandardService stop
INFO: Stopping service Catalina
Oct 24, 2012 11:30:50 PM org.apache.coyote.http11.Http11Protocol destroy
INFO: Stopping Coyote HTTP/1.1 on http-8400
Oct 24, 2012 11:31:15 PM org.apache.catalina.core.AprLifecycleListener init
INFO: The Apache Tomcat Native library which allows optimal performance in production environments was not found on the java.library.path: C:\java\jdk\jdk1.7.0_07\bin;C:\Windows\Sun\Java\bin;C:\Windows\system32;C:\Windows;C:\Program Files (x86)\NVIDIA Corporation\PhysX\Common;C:\Program Files\Common Files\Microsoft Shared\Windows Live;C:\Program Files (x86)\Common Files\Microsoft Shared\Windows Live;C:\Windows\system32;C:\Windows;C:\Windows\System32\Wbem;C:\Windows\System32\WindowsPowerShell\v1.0\;C:\Program Files\Broadcom\Broadcom 802.11\Driver;C:\Program Files (x86)\Windows Live\Shared;C:\Program Files (x86)\QuickTime\QTSystem\;.
Oct 24, 2012 11:31:15 PM org.apache.coyote.http11.Http11Protocol init
INFO: Initializing Coyote HTTP/1.1 on http-8400
Oct 24, 2012 11:31:15 PM org.apache.catalina.startup.Catalina load
INFO: Initialization processed in 564 ms
Oct 24, 2012 11:31:15 PM org.apache.catalina.core.StandardService start
INFO: Starting service Catalina
Oct 24, 2012 11:31:15 PM org.apache.catalina.core.StandardEngine start
INFO: Starting Servlet Engine: Apache Tomcat/6.0.14
Oct 24, 2012 11:31:21 PM org.apache.coyote.http11.Http11Protocol start
INFO: Starting Coyote HTTP/1.1 on http-8400
Oct 24, 2012 11:31:21 PM org.apache.jk.common.ChannelSocket init
INFO: JK: ajp13 listening on /0.0.0.0:8009
Oct 24, 2012 11:31:21 PM org.apache.jk.server.JkMain start
INFO: Jk running ID=0 time=0/37  config=null
Oct 24, 2012 11:31:21 PM org.apache.catalina.startup.Catalina start
INFO: Server startup in 6339 ms
